系统时间为: 20191126225026
[master 49515ad] 20191126225026
 2 files changed, 11 insertions(+)
 create mode 100644 auto_push_github.sh
 create mode 100644 auto_push_github.sh.log
系统时间为: 20191127003730
[master d9a74ec] 20191127003730
 1 file changed, 5 insertions(+)
系统时间为: 20191127200507
[master c69cca7] 20191127200507
 1 file changed, 3 insertions(+)
系统时间为: 20191127212322
[master 3b68430] 20191127212322
 2 files changed, 3 insertions(+)
 mode change 100644 => 100755 auto_push_github.sh
系统时间为: 20191127212349
[master 65ad28f] 20191127212349
 1 file changed, 4 insertions(+)
系统时间为: 20191208142547
[master 59607b3] 20191208142547
 1 file changed, 3 insertions(+)
系统时间为: 20191208184148
[master 33e6d46] 20191208184148
 1 file changed, 3 insertions(+)
系统时间为: 20191211225148
[master 779c971] 20191211225148
 1 file changed, 3 insertions(+)
系统时间为: 20191211225947
[master 5e83988] 20191211225947
 3 files changed, 20 insertions(+), 1 deletion(-)
 create mode 100644 control_sh.py
系统时间为: 20191211232004
[master c56a320] 20191211232004
 1 file changed, 4 insertions(+)
系统时间为: 20191212000200
[master 6065f02] 20191212000200
 2 files changed, 20 insertions(+), 5 deletions(-)
系统时间为: 20191213000200
[master 4939b19] 20191213000200
 1 file changed, 3 insertions(+)
系统时间为: 20191213000210
[master f5ff82e] 20191213000210
 1 file changed, 3 insertions(+)
系统时间为: 20191213000220
